able service info creator found for service pcf-eureka Did you forget to add a ServiceInfoCreator?
2016-09-20T12:21:28.94-0700 [APP/0]      OUT 2016-09-20 19:21:28.944  INFO 20 --- [           main] nfigurationApplicationContextInitializer : Adding cloud service auto-reconfiguration to ApplicationContext
2016-09-20T12:21:29.01-0700 [APP/0]      OUT 2016-09-20 19:21:29.013  INFO 20 --- [           main] s.c.a.AnnotationConfigApplicationContext : Refreshing org.springframework.context.annotation.AnnotationConfigApplicationContext@2af34903: startup date [Tue Sep 20 19:21:29 UTC 2016]; root of context hierarchy
2016-09-20T12:21:29.30-0700 [APP/0]      OUT 2016-09-20 19:21:29.304  INFO 20 --- [           main] urceCloudServiceBeanFactoryPostProcessor : Auto-reconfiguring beans of type javax.sql.DataSource
2016-09-20T12:21:29.30-0700 [APP/0]      OUT 2016-09-20 19:21:29.306  INFO 20 --- [           main] urceCloudServiceBeanFactoryPostProcessor : No beans of type javax.sql.DataSource found. Skipping auto-reconfiguration.
2016-09-20T12:21:29.31-0700 [APP/0]      OUT 2016-09-20 19:21:29.318  INFO 20 --- [           main] f.a.AutowiredAnnotationBeanPostProcessor : JSR-330 'javax.inject.Inject' annotation found and supported for autowiring
2016-09-20T12:21:29.33-0700 [APP/0]      OUT 2016-09-20 19:21:29.339  INFO 20 --- [           main] trationDelegate$BeanPostProcessorChecker : Bean 'configurationPropertiesRebinderAutoConfiguration' of type [class org.springframework.cloud.autoconfigure.ConfigurationPropertiesRebinderAutoConfiguration$$EnhancerBySpringCGLIB$$440e6c76] is not eligible for getting processed by all BeanPostProcessors (for example: not eligible for auto-proxying)
2016-09-20T12:21:29.78-0700 [APP/0]      OUT   .   ____          _            __ _ _
2016-09-20T12:21:29.78-0700 [APP/0]      OUT  /\\ / ___'_ __ _ _(_)_ __  __ _ \ \ \ \
2016-09-20T12:21:29.78-0700 [APP/0]      OUT ( ( )\___ | '_ | '_| | '_ \/ _` | \ \ \ \
2016-09-20T12:21:29.78-0700 [APP/0]      OUT  \\/  ___)| |_)| | | | | || (_| |  ) ) ) )
2016-09-20T12:21:29.78-0700 [APP/0]      OUT   '  |____| .__|_| |_|_| |_\__, | / / / /
2016-09-20T12:21:29.78-0700 [APP/0]      OUT  =========|_|==============|___/=/_/_/_/
2016-09-20T12:21:29.78-0700 [APP/0]      OUT  :: Spring Boot ::        (v1.3.5.RELEASE)
2016-09-20T12:21:29.81-0700 [APP/0]      OUT 2016-09-20 19:21:29.814  INFO 20 --- [           main] nfigurationApplicationContextInitializer : Adding cloud service auto-reconfiguration to ApplicationContext
2016-09-20T12:21:29.81-0700 [APP/0]      OUT 2016-09-20 19:21:29.815  INFO 20 --- [           main] com.example.gw.ZuulApplication           : The following profiles are active: cloud
2016-09-20T12:21:29.83-0700 [APP/0]      OUT 2016-09-20 19:21:29.839  INFO 20 --- [           main] ationConfigEmbeddedWebApplicationContext : Refreshing org.springframework.boot.context.embedded.AnnotationConfigEmbeddedWebApplicationContext@6e955ed4: startup date [Tue Sep 20 19:21:29 UTC 2016]; parent: org.springframework.context.annotation.AnnotationConfigApplicationContext@2af34903
2016-09-20T12:21:30.60-0700 [APP/0]      OUT 2016-09-20 19:21:30.603 ERROR 20 --- [           main] o.s.boot.SpringApplication               : Application startup failed
2016-09-20T12:21:30.60-0700 [APP/0]      OUT java.lang.IllegalStateException: Error processing condition on org.springframework.cloud.netflix.zuul.ZuulProxyConfiguration.ribbonCommandFactory
2016-09-20T12:21:30.60-0700 [APP/0]      OUT 	at org.springframework.boot.autoconfigure.condition.SpringBootCondition.matches(SpringBootCondition.java:64) ~[spring-boot-autoconfigure-1.3.5.RELEASE.jar!/:1.3.5.RELEASE]
2016-09-20T12:21:30.60-0700 [APP/0]      OUT 	at org.springframework.context.annotation.ConditionEvaluator.shouldSkip(ConditionEvaluator.java:102) ~[spring-context-4.2.6.RELEASE.jar!/:4.2.6.RELEASE]
2016-09-20T12:21:30.60-0700 [APP/0]      OUT 	at org.springframework.context.annotation.ConfigurationClassBeanDefinitionReader.loadBeanDefinitionsForBeanMethod(ConfigurationClassBeanDefinitionReader.java:178) ~[spring-context-4.2.6.RELEASE.jar!/:4.2.6.RELEASE]
2016-09-20T12:21:30.60-0700 [APP/0]      OUT 	at org.springframework.context.annotation.ConfigurationClassBeanDefinitionReader.loadBeanDefinitionsForConfigurationClass(ConfigurationClassBeanDefinitionReader.java:140) ~[spring-context-4.2.6.RELEASE.jar!/:4.2.6.RELEASE]
2016-09-20T12:21:30.60-0700 [APP/0]      OUT 	at org.springframework.context.annotation.ConfigurationClassBeanDefinitionReader.loadBeanDefinitions(ConfigurationClassBeanDefinitionReader.java:116) ~[spring-context-4.2.6.RELEASE.jar!/:4.2.6.RELEASE]
2016-09-20T12:21:30.60-0700 [APP/0]      OUT 	at org.springframework.context.annotation.ConfigurationClassPostProcessor.processConfigBeanDefinitions(ConfigurationClassPostProcessor.java:333) ~[spring-context-4.2.6.RELEASE.jar!/:4.2.6.RELEASE]
2016-09-20T12:21:30.60-0700 [APP/0]      OUT 	at org.springframework.context.annotation.ConfigurationClassPostProcessor.postProcessBeanDefinitionRegistry(ConfigurationClassPostProcessor.java:243) ~[spring-context-4.2.6.RELEASE.jar!/:4.2.6.RELEASE]
2016-09-20T12:21:30.60-0700 [APP/0]      OUT 	at org.springframework.context.support.PostProcessorRegistrationDelegate.invokeBeanDefinitionRegistryPostProcessors(PostProcessorRegistrationDelegate.java:273) ~[spring-context-4.2.6.RELEASE.jar!/:4.2.6.RELEASE]
2016-09-20T12:21:30.60-0700 [APP/0]      OUT 	at org.springframework.context.support.PostProcessorRegistrationDelegate.invokeBeanFactoryPostProcessors(PostProcessorRegistrationDelegate.java:98) ~[spring-context-4.2.6.RELEASE.jar!/:4.2.6.RELEASE]
2016-09-20T12:21:30.60-0700 [APP/0]      OUT 	at org.springframework.context.support.AbstractApplicationContext.invokeBeanFactoryPostProcessors(AbstractApplicationContext.java:678) ~[spring-context-4.2.6.RELEASE.jar!/:4.2.6.RELEASE]
2016-09-20T12:21:30.60-0700 [APP/0]      OUT 	at org.springframework.context.support.AbstractApplicationContext.refresh(AbstractApplicationContext.java:520) ~[spring-context-4.2.6.RELEASE.jar!/:4.2.6.RELEASE]
2016-09-20T12:21:30.60-0700 [APP/0]      OUT 	at org.springframework.boot.context.embedded.EmbeddedWebApplicationContext.refresh(EmbeddedWebApplicationContext.java:118) ~[spring-boot-1.3.5.RELEASE.jar!/:1.3.5.RELEASE]
2016-09-20T12:21:30.60-0700 [APP/0]      OUT 	at org.springframework.boot.SpringApplication.refresh(SpringApplication.java:766) [spring-boot-1.3.5.RELEASE.jar!/:1.3.5.RELEASE]
2016-09-20T12:21:30.60-0700 [APP/0]      OUT 	at org.springframework.boot.SpringApplication.createAndRefreshContext(SpringApplication.java:361) [spring-boot-1.3.5.RELEASE.jar!/:1.3.5.RELEASE]
2016-09-20T12:21:30.60-0700 [APP/0]      OUT 	at org.springframework.boot.SpringApplication.run(SpringApplication.java:307) [spring-boot-1.3.5.RELEASE.jar!/:1.3.5.RELEASE]
2016-09-20T12:21:30.60-0700 [APP/0]      OUT 	at org.springframework.boot.SpringApplication.run(SpringApplication.java:1191) [spring-boot-1.3.5.RELEASE.jar!/:1.3.5.RELEASE]
2016-09-20T12:21:30.60-0700 [APP/0]      OUT 	at org.springframework.boot.SpringApplication.run(SpringApplication.java:1180) [spring-boot-1.3.5.RELEASE.jar!/:1.3.5.RELEASE]
2016-09-20T12:21:30.60-0700 [APP/0]      OUT 	at com.example.gw.ZuulApplication.main(ZuulApplication.java:24) [app/:na]
2016-09-20T12:21:30.60-0700 [APP/0]      OUT 	at sun.reflect.NativeMethodAccessorImpl.invoke0(Native Method) ~[na:1.8.0_91]
2016-09-20T12:21:30.60-0700 [APP/0]      OUT 	at sun.reflect.NativeMethodAccessorImpl.invoke(NativeMethodAccessorImpl.java:62) ~[na:1.8.0_91]
2016-09-20T12:21:30.60-0700 [APP/0]      OUT 	at sun.reflect.DelegatingMethodAccessorImpl.invoke(DelegatingMethodAccessorImpl.java:43) ~[na:1.8.0_91]
2016-09-20T12:21:30.60-0700 [APP/0]      OUT 	at java.lang.reflect.Method.invoke(Method.java:498) ~[na:1.8.0_91]
2016-09-20T12:21:30.60-0700 [APP/0]      OUT 	at org.springframework.boot.loader.MainMethodRunner.run(MainMethodRunner.java:54) [app/:na]
2016-09-20T12:21:30.60-0700 [APP/0]      OUT 	at java.lang.Thread.run(Thread.java:745) [na:1.8.0_91]
2016-09-20T12:21:30.60-0700 [APP/0]      OUT Caused by: java.lang.IllegalArgumentException: @ConditionalOnMissingBean annotations must specify at least one bean (type, name or annotation)
2016-09-20T12:21:30.60-0700 [APP/0]      OUT 	at org.springframework.util.Assert.isTrue(Assert.java:68) ~[spring-core-4.2.6.RELEASE.jar!/:4.2.6.RELEASE]
2016-09-20T12:21:30.60-0700 [APP/0]      OUT 	at org.springframework.boot.autoconfigure.condition.OnBeanCondition$BeanSearchSpec.validate(OnBeanCondition.java:279) ~[spring-boot-autoconfigure-1.3.5.RELEASE.jar!/:1.3.5.RELEASE]
2016-09-20T12:21:30.60-0700 [APP/0]      OUT 	at org.springframework.boot.autoconfigure.condition.OnBeanCondition$BeanSearchSpec.<init>(OnBeanCondition.java:275) ~[spring-boot-autoconfigure-1.3.5.RELEASE.jar!/:1.3.5.RELEASE]
2016-09-20T12:21:30.60-0700 [APP/0]      OUT 	at org.springframework.boot.autoconfigure.condition.OnBeanCondition.getMatchOutcome(OnBeanCondition.java:111) ~[spring-boot-autoconfigure-1.3.5.RELEASE.jar!/:1.3.5.RELEASE]
2016-09-20T12:21:30.60-0700 [APP/0]      OUT 	at org.springframework.boot.autoconfigure.condition.SpringBootCondition.matches(SpringBootCondition.java:47) ~[spring-boot-autoconfigure-1.3.5.RELEASE.jar!/:1.3.5.RELEASE]
2016-09-20T12:21:30.60-0700 [APP/0]      OUT 	... 23 common frames omitted
2016-09-20T12:21:30.60-0700 [APP/0]      OUT 2016-09-20 19:21:30.606  INFO 20 --- [           main] .b.l.ClasspathLoggingApplicationListener : Application failed to start with classpath: [file:/home/vcap/app/, jar:file:/home/vcap/app/lib/classmate-1.1.0.jar!/, jar:file:/home/vcap/app/lib/tomcat-embed-logging-juli-8.0.33.jar!/, jar:file:/home/vcap/app/lib/aopalliance-1.0.jar!/, jar:file:/home/vcap/app/lib/spring-security-core-4.0.4.RELEASE.jar!/, jar:file:/home/vcap/app/lib/commons-codec-1.9.jar!/, jar:file:/home/vcap/app/lib/tomcat-embed-el-8.0.33.jar!/, jar:file:/home/vcap/app/lib/httpclient-4.5.2.jar!/, jar:file:/home/vcap/app/lib/governator-1.12.10.jar!/, jar:file:/home/vcap/app/lib/servo-internal-0.10.1.jar!/, jar:file:/home/vcap/app/lib/guava-18.0.jar!/, jar:file:/home/vcap/app/lib/spring-aop-4.2.6.RELEASE.jar!/, jar:file:/home/vcap/app/lib/spring-cloud-starter-ribbon-1.1.2.RELEASE.jar!/, jar:file:/home/vcap/app/lib/aws-java-sdk-ec2-1.10.30.jar!/, jar:file:/home/vcap/app/lib/eureka-client-1.4.8.jar!/, jar:file:/home/vcap/app/lib/spring-cloud-spring-service-connector-1.2.2.RELEASE.jar!/, jar:file:/home/vcap/app/lib/spring-core-4.2.6.RELEASE.jar!/, jar:file:/home/vcap/app/lib/jackson-databind-2.6.6.jar!/, jar:file:/home/vcap/app/lib/spring-beans-4.2.6.RELEASE.jar!/, jar:file:/home/vcap/app/lib/commons-logging-1.1.1.jar!/, jar:file:/home/vcap/app/lib/netty-handler-4.0.27.Final.jar!/, jar:file:/home/vcap/app/lib/spring-boot-autoconfigure-1.3.5.RELEASE.jar!/, jar:file:/home/vcap/app/lib/jsr311-api-1.1.1.jar!/, jar:file:/home/vcap/app/lib/netflix-statistics-0.1.1.jar!/, jar:file:/home/vcap/app/lib/spring_auto_reconfiguration-1.10.0_RELEASE.jar!/, jar:file:/home/vcap/app/lib/servo-core-0.10.1.jar!/, jar:file:/home/vcap/app/lib/netflix-commons-util-0.1.1.jar!/, jar:file:/home/vcap/app/lib/commons-configuration-1.8.jar!/, jar:file:/home/vcap/app/lib/snakeyaml-1.16.jar!/, jar:file:/home/vcap/app/lib/xpp3_min-1.1.4c.jar!/, jar:file:/home/vcap/app/lib/governator-api-1.12.10.jar!/, jar:file:/home/vcap/app/lib/slf4j-api-1.7.21.jar!/, jar:file:/home/vcap/app/lib/jul-to-slf4j-1.7.21.jar!/, jar:file:/home/vcap/app/lib/ribbon-eureka-2.2.0.jar!/, jar:file:/home/vcap/app/lib/netty-codec-4.0.27.Final.jar!/, jar:file:/home/vcap/app/lib/rxnetty-servo-0.4.9.jar!/, jar:file:/home/vcap/app/lib/logback-classic-1.1.7.jar!/, jar:file:/home/vcap/app/lib/stax-api-1.0-2.jar!/, jar:file:/home/vcap/app/lib/ribbon-2.2.0.jar!/, jar:file:/home/vcap/app/lib/spring-security-crypto-4.0.4.RELEASE.jar!/, jar:file:/home/vcap/app/lib/aws-java-sdk-core-1.10.30.jar!/, jar:file:/home/vcap/app/lib/spring-cloud-netflix-core-1.1.2.RELEASE.jar!/, jar:file:/home/vcap/app/lib/jackson-mapper-asl-1.9.13.jar!/, jar:file:/home/vcap/app/lib/rxnetty-contexts-0.4.9.jar!/, jar:file:/home/vcap/app/lib/aws-java-sdk-autoscaling-1.9.3.jar!/, jar:file:/home/vcap/app/lib/xstream-1.4.2.jar!/, jar:file:/home/vcap/app/lib/spring-cloud-services-starter-service-registry-1.1.2.RELEASE.jar!/, jar:file:/home/vcap/app/lib/spring-boot-starter-tomcat-1.3.5.RELEASE.jar!/, jar:file:/home/vcap/app/lib/spring-cloud-cloudfoundry-connector-1.2.2.RELEASE.jar!/, jar:file:/home/vcap/app/lib/validation-api-1.1.0.Final.jar!/, jar:file:/home/vcap/app/lib/ribbon-loadbalancer-2.2.0.jar!/, jar:file:/home/vcap/app/lib/spring-boot-starter-1.3.5.RELEASE.jar!/, jar:file:/home/vcap/app/lib/stax2-api-3.1.4.jar!/, jar:file:/home/vcap/app/lib/jersey-client-1.19.1.jar!/, jar:file:/home/vcap/app/lib/tomcat-embed-websocket-8.0.33.jar!/, jar:file:/home/vcap/app/lib/spring-context-4.2.6.RELEASE.jar!/, jar:file:/home/vcap/app/lib/asm-5.0.4.jar!/, jar:file:/home/vcap/app/lib/spring-cloud-core-1.2.2.RELEASE.jar!/, jar:file:/home/vcap/app/lib/ribbon-httpclient-2.2.0.jar!/, jar:file:/home/vcap/app/lib/aws-java-sdk-sts-1.9.3.jar!/, jar:file:/home/vcap/app/lib/netty-transport-native-epoll-4.0.27.Final.jar!/, jar:file:/home/vcap/app/lib/netty-common-4.0.27.Final.jar!/, jar:file:/home/vcap/app/lib/jackson-core-2.6.6.jar!/, jar:file:/home/vcap/app/lib/spring-webmvc-4.2.6.RELEASE.jar!/, jar:file:/home/vcap/app/lib/ribbon-core-2.2.0.jar!/, jar:file:/home/vcap/app/lib/netty-codec-http-4.0.27.Final.jar!/, jar:file:/home/vcap/app/lib/rxnetty-0.4.9.jar!/, jar:file:/home/vcap/app/lib/jboss-logging-3.3.0.Final.jar!/, jar:file:/home/vcap/app/lib/cloudfoundry-certificate-truster-1.0.1.RELEASE.jar!/, jar:file:/home/vcap/app/lib/jackson-core-asl-1.9.13.jar!/, jar:file:/home/vcap/app/lib/spring-security-oauth2-2.0.9.RELEASE.jar!/, jar:file:/home/vcap/app/lib/spring-cloud-starter-archaius-1.1.2.RELEASE.jar!/, jar:file:/home/vcap/app/lib/logback-core-1.1.7.jar!/, jar:file:/home/vcap/app/lib/spring-security-rsa-1.0.1.RELEASE.jar!/, jar:file:/home/vcap/app/lib/woodstox-core-asl-4.4.1.jar!/, jar:file:/home/vcap/app/lib/log4j-over-slf4j-1.7.21.jar!/, jar:file:/home/vcap/app/lib/tomcat-embed-core-8.0.33.jar!/, jar:file:/home/vcap/app/lib/netty-buffer-4.0.27.Final.jar!/, jar:file:/home/vcap/app/lib/netflix-eventbus-0.3.0.jar!/, jar:file:/home/vcap/app/lib/jcl-over-slf4j-1.7.21.jar!/, jar:file:/home/vcap/app/lib/spring-expression-4.2.6.RELEASE.jar!/, jar:file:/home/vcap/app/lib/spring-boot-starter-web-1.3.5.RELEASE.jar!/, jar:file:/home/vcap/app/lib/netty-transport-4.0.27.Final.jar!/, jar:file:/home/vcap/app/lib/xmlpull-1.1.3.1.jar!/, jar:file:/home/vcap/app/lib/bcpkix-jdk15on-1.47.jar!/, jar:file:/home/vcap/app/lib/HdrHistogram-2.1.7.jar!/, jar:file:/home/vcap/app/lib/rxjava-1.1.5.jar!/, jar:file:/home/vcap/app/lib/spring-cloud-netflix-eureka-client-1.1.2.RELEASE.jar!/, jar:file:/home/vcap/app/lib/commons-collections-3.2.2.jar!/, jar:file:/home/vcap/app/lib/guice-4.0.jar!/, jar:file:/home/vcap/app/lib/spring-security-web-4.0.4.RELEASE.jar!/, jar:file:/home/vcap/app/lib/spring-web-4.2.6.RELEASE.jar!/, jar:file:/home/vcap/app/lib/archaius-core-0.7.4.jar!/, jar:file:/home/vcap/app/lib/lombok-1.16.8.jar!/, jar:file:/home/vcap/app/lib/spring-cloud-services-spring-connector-1.1.2.RELEASE.jar!/, jar:file:/home/vcap/app/lib/jackson-annotations-2.6.6.jar!/, jar:file:/home/vcap/app/lib/spring-cloud-starter-eureka-1.1.2.RELEASE.jar!/, jar:file:/home/vcap/app/lib/spring-cloud-services-cloudfoundry-connector-1.1.2.RELEASE.jar!/, jar:file:/home/vcap/app/lib/spring-cloud-services-connector-core-1.1.2.RELEASE.jar!/, jar:file:/home/vcap/app/lib/jersey-core-1.19.1.jar!/, jar:file:/home/vcap/app/lib/commons-lang-2.6.jar!/, jar:file:/home/vcap/app/lib/javax.inject-1.jar!/, jar:file:/home/vcap/app/lib/spring-cloud-starter-1.1.1.RELEASE.jar!/, jar:file:/home/vcap/app/lib/governator-core-1.12.10.jar!/, jar:file:/home/vcap/app/lib/spring-boot-starter-logging-1.3.5.RELEASE.jar!/, jar:file:/home/vcap/app/lib/hibernate-validator-5.2.4.Final.jar!/, jar:file:/home/vcap/app/lib/spring-cloud-commons-1.1.1.RELEASE.jar!/, jar:file:/home/vcap/app/lib/spring-cloud-context-1.1.1.RELEASE.jar!/, jar:file:/home/vcap/app/lib/jettison-1.3.7.jar!/, jar:file:/home/vcap/app/lib/aws-java-sdk-route53-1.9.3.jar!/, jar:file:/home/vcap/app/lib/spring-security-config-4.0.4.RELEASE.jar!/, jar:file:/home/vcap/app/lib/eureka-core-1.4.8.jar!/, jar:file:/home/vcap/app/lib/stax-api-1.0.1.jar!/, jar:file:/home/vcap/app/lib/jersey-apache-client4-1.19.1.jar!/, jar:file:/home/vcap/app/lib/httpcore-4.4.4.jar!/, jar:file:/home/vcap/app/lib/spring-boot-starter-validation-1.3.5.RELEASE.jar!/, jar:file:/home/vcap/app/lib/ribbon-transport-2.2.0.jar!/, jar:file:/home/vcap/app/lib/hystrix-core-1.5.3.jar!/, jar:file:/home/vcap/app/lib/bcprov-jdk15on-1.47.jar!/, jar:file:/home/vcap/app/lib/spring-boot-1.3.5.RELEASE.jar!/]
2016-09-20T12:21:30.60-0700 [APP/0]      ERR Exception in thread "main" java.lang.RuntimeException: java.lang.reflect.InvocationTargetException
2016-09-20T12:21:30.60-0700 [APP/0]      ERR 	at org.springframework.boot.loader.MainMethodRunner.run(MainMethodRunner.java:62)
2016-09-20T12:21:30.60-0700 [APP/0]      ERR 	at java.lang.Thread.run(Thread.java:745)
2016-09-20T12:21:30.60-0700 [APP/0]      ERR Caused by: java.lang.reflect.InvocationTargetException
2016-09-20T12:21:30.60-0700 [APP/0]      ERR 	at sun.reflect.NativeMethodAccessorImpl.invoke0(Native Method)
2016-09-20T12:21:30.60-0700 [APP/0]      ERR 	at sun.reflect.NativeMethodAccessorImpl.invoke(NativeMethodAccessorImpl.java:62)
2016-09-20T12:21:30.60-0700 [APP/0]      ERR 	at sun.reflect.DelegatingMethodAccessorImpl.invoke(DelegatingMethodAccessorImpl.java:43)
2016-09-20T12:21:30.60-0700 [APP/0]      ERR 	at java.lang.reflect.Method.invoke(Method.java:498)
2016-09-20T12:21:30.60-0700 [APP/0]      ERR 	at org.springframework.boot.loader.MainMethodRunner.run(MainMethodRunner.java:54)
2016-09-20T12:21:30.60-0700 [APP/0]      ERR 	... 1 more
2016-09-20T12:21:30.60-0700 [APP/0]      ERR Caused by: java.lang.IllegalStateException: Error processing condition on org.springframework.cloud.netflix.zuul.ZuulProxyConfiguration.ribbonCommandFactory
2016-09-20T12:21:30.60-0700 [APP/0]      ERR 	at org.springframework.boot.autoconfigure.condition.SpringBootCondition.matches(SpringBootCondition.java:64)
2016-09-20T12:21:30.60-0700 [APP/0]      ERR 	at org.springframework.context.annotation.ConditionEvaluator.shouldSkip(ConditionEvaluator.java:102)
2016-09-20T12:21:30.60-0700 [APP/0]      ERR 	at org.springframework.context.annotation.ConfigurationClassBeanDefinitionReader.loadBeanDefinitionsForBeanMethod(ConfigurationClassBeanDefinitionReader.java:178)
2016-09-20T12:21:30.60-0700 [APP/0]      ERR 	at org.springframework.context.annotation.ConfigurationClassBeanDefinitionReader.loadBeanDefinitionsForConfigurationClass(ConfigurationClassBeanDefinitionReader.java:140)
2016-09-20T12:21:30.60-0700 [APP/0]      ERR 	at org.springframework.context.annotation.ConfigurationClassBeanDefinitionReader.loadBeanDefinitions(ConfigurationClassBeanDefinitionReader.java:116)
2016-09-20T12:21:30.60-0700 [APP/0]      ERR 	at org.springframework.context.annotation.ConfigurationClassPostProcessor.processConfigBeanDefinitions(ConfigurationClassPostProcessor.java:333)
2016-09-20T12:21:30.60-0700 [APP/0]      ERR 	at org.springframework.context.annotation.ConfigurationClassPostProcessor.postProcessBeanDefinitionRegistry(ConfigurationClassPostProcessor.java:243)
2016-09-20T12:21:30.60-0700 [APP/0]      ERR 	at org.springframework.context.support.PostProcessorRegistrationDelegate.invokeBeanDefinitionRegistryPostProcessors(PostProcessorRegistrationDelegate.java:273)
2016-09-20T12:21:30.60-0700 [APP/0]      ERR 	at org.springframework.context.support.PostProcessorRegistrationDelegate.invokeBeanFactoryPostProcessors(PostProcessorRegistrationDelegate.java:98)
2016-09-20T12:21:30.60-0700 [APP/0]      ERR 	at org.springframework.context.support.AbstractApplicationContext.invokeBeanFactoryPostProcessors(AbstractApplicationContext.java:678)
2016-09-20T12:21:30.60-0700 [APP/0]      ERR 	at org.springframework.context.support.AbstractApplicationContext.refresh(AbstractApplicationContext.java:520)
2016-09-20T12:21:30.60-0700 [APP/0]      ERR 	at org.springframework.boot.context.embedded.EmbeddedWebApplicationContext.refresh(EmbeddedWebApplicationContext.java:118)
2016-09-20T12:21:30.60-0700 [APP/0]      ERR 	at org.springframework.boot.SpringApplication.refresh(SpringApplication.java:766)
2016-09-20T12:21:30.60-0700 [APP/0]      ERR 	at org.springframework.boot.SpringApplication.createAndRefreshContext(SpringApplication.java:361)
2016-09-20T12:21:30.60-0700 [APP/0]      ERR 	at org.springframework.boot.SpringApplication.run(SpringApplication.java:307)
2016-09-20T12:21:30.60-0700 [APP/0]      ERR 	at org.springframework.boot.SpringApplication.run(SpringApplication.java:1191)
2016-09-20T12:21:30.60-0700 [APP/0]      ERR 	at org.springframework.boot.SpringApplication.run(SpringApplication.java:1180)
2016-09-20T12:21:30.60-0700 [APP/0]      ERR 	at com.example.gw.ZuulApplication.main(ZuulApplication.java:24)
2016-09-20T12:21:30.60-0700 [APP/0]      ERR 	... 6 more
2016-09-20T12:21:30.60-0700 [APP/0]      ERR Caused by: java.lang.IllegalArgumentException: @ConditionalOnMissingBean annotations must specify at least one bean (type, name or annotation)
2016-09-20T12:21:30.61-0700 [APP/0]      ERR 	at org.springframework.util.Assert.isTrue(Assert.java:68)
2016-09-20T12:21:30.61-0700 [APP/0]      ERR 	at org.springframework.boot.autoconfigure.condition.OnBeanCondition$BeanSearchSpec.validate(OnBeanCondition.java:279)
2016-09-20T12:21:30.61-0700 [APP/0]      ERR 	at org.springframework.boot.autoconfigure.condition.OnBeanCondition$BeanSearchSpec.<init>(OnBeanCondition.java:275)
2016-09-20T12:21:30.61-0700 [APP/0]      ERR 	at org.springframework.boot.autoconfigure.condition.OnBeanCondition.getMatchOutcome(OnBeanCondition.java:111)
2016-09-20T12:21:30.61-0700 [APP/0]      ERR 	at org.springframework.boot.autoconfigure.condition.SpringBootCondition.matches(SpringBootCondition.java:47)
2016-09-20T12:21:30.61-0700 [APP/0]      ERR 	... 23 more
2016-09-20T12:21:30.68-0700 [APP/0]      OUT Exit status 0
2016-09-20T12:21:30.68-0700 [CELL/0]     OUT Exit status 0
2016-09-20T12:21:30.72-0700 [API/0]      OUT App instance exited with guid 9d230aff-00ae-4a54-82a3-4cedcb229adf payload: {"instance"=>"fb7fea13-f3b4-4e19-712c-df7fc0730114", "index"=>0, "reason"=>"CRASHED", "exit_description"=>"2 error(s) occurred:\n\n* 2 error(s) occurred:\n\n* Codependent step exited\n* cancelled\n* cancelled", "crash_count"=>9, "crash_timestamp"=>1474399290700058686, "version"=>"3cb63071-f513-41ca-86be-8e0e1ee9319a"}
wabelhlp0392491:Zuul Vikash$ 

